<?xml version="1.0" encoding="UTF-8"?>
<testng-results ignored="0" total="1" passed="1" failed="0" skipped="0">
  <reporter-output>
  </reporter-output>
  <suite started-at="2023-11-16T07:49:10 IST" name="Default suite" finished-at="2023-11-16T07:49:22 IST" duration-ms="12314">
    <groups>
    </groups>
    <test started-at="2023-11-16T07:49:10 IST" name="Default test" finished-at="2023-11-16T07:49:22 IST" duration-ms="12314">
      <class name="seleniumprograms.GetTitle">
        <test-method signature="helloWorldChrome()[pri:0, instance:seleniumprograms.GetTitle@76c3e77a]" started-at="2023-11-16T07:49:10 IST" name="helloWorldChrome" finished-at="2023-11-16T07:49:22 IST" duration-ms="12303" status="PASS">
          <reporter-output>
          </reporter-output>
        </test-method> <!-- helloWorldChrome -->
      </class> <!-- seleniumprograms.GetTitle -->
    </test> <!-- Default test -->
  </suite> <!-- Default suite -->
</testng-results>
